Performing C SOURCE FILE Test CMAKE_HAVE_LIBC_PTHREAD failed with the following output:
Change Dir: /home/lbarosi/BAROSI/HOME/6000_PYTHONIA/2_Doing/GNURadioBlocks/gr-fits_sink/build/CMakeFiles/CMakeTmp

Run Build Command(s):/usr/bin/gmake cmTC_c04ff/fast && /usr/bin/gmake  -f CMakeFiles/cmTC_c04ff.dir/build.make CMakeFiles/cmTC_c04ff.dir/build
gmake[1]: Entrando no diretório '/home/lbarosi/BAROSI/HOME/6000_PYTHONIA/2_Doing/GNURadioBlocks/gr-fits_sink/build/CMakeFiles/CMakeTmp'
Building C object CMakeFiles/cmTC_c04ff.dir/src.c.o
/usr/bin/cc   -DCMAKE_HAVE_LIBC_PTHREAD -o CMakeFiles/cmTC_c04ff.dir/src.c.o -c /home/lbarosi/BAROSI/HOME/6000_PYTHONIA/2_Doing/GNURadioBlocks/gr-fits_sink/build/CMakeFiles/CMakeTmp/src.c
Linking C executable cmTC_c04ff
/usr/bin/cmake -E cmake_link_script CMakeFiles/cmTC_c04ff.dir/link.txt --verbose=1
/usr/bin/cc  -DCMAKE_HAVE_LIBC_PTHREAD CMakeFiles/cmTC_c04ff.dir/src.c.o -o cmTC_c04ff 
/usr/bin/ld: CMakeFiles/cmTC_c04ff.dir/src.c.o: na função "main":
src.c:(.text+0x46): referência não definida para "pthread_create"
/usr/bin/ld: src.c:(.text+0x52): referência não definida para "pthread_detach"
/usr/bin/ld: src.c:(.text+0x5e): referência não definida para "pthread_cancel"
/usr/bin/ld: src.c:(.text+0x6f): referência não definida para "pthread_join"
collect2: error: ld returned 1 exit status
gmake[1]: *** [CMakeFiles/cmTC_c04ff.dir/build.make:106: cmTC_c04ff] Erro 1
gmake[1]: Saindo do diretório '/home/lbarosi/BAROSI/HOME/6000_PYTHONIA/2_Doing/GNURadioBlocks/gr-fits_sink/build/CMakeFiles/CMakeTmp'
gmake: *** [Makefile:140: cmTC_c04ff/fast] Erro 2


Source file was:
#include <pthread.h>

void* test_func(void* data)
{
  return data;
}

int main(void)
{
  pthread_t thread;
  pthread_create(&thread, NULL, test_func, NULL);
  pthread_detach(thread);
  pthread_cancel(thread);
  pthread_join(thread, NULL);
  pthread_atfork(NULL, NULL, NULL);
  pthread_exit(NULL);

  return 0;
}

Determining if the function pthread_create exists in the pthreads failed with the following output:
Change Dir: /home/lbarosi/BAROSI/HOME/6000_PYTHONIA/2_Doing/GNURadioBlocks/gr-fits_sink/build/CMakeFiles/CMakeTmp

Run Build Command(s):/usr/bin/gmake cmTC_35589/fast && /usr/bin/gmake  -f CMakeFiles/cmTC_35589.dir/build.make CMakeFiles/cmTC_35589.dir/build
gmake[1]: Entrando no diretório '/home/lbarosi/BAROSI/HOME/6000_PYTHONIA/2_Doing/GNURadioBlocks/gr-fits_sink/build/CMakeFiles/CMakeTmp'
Building C object CMakeFiles/cmTC_35589.dir/CheckFunctionExists.c.o
/usr/bin/cc   -DCHECK_FUNCTION_EXISTS=pthread_create -o CMakeFiles/cmTC_35589.dir/CheckFunctionExists.c.o -c /usr/share/cmake-3.18/Modules/CheckFunctionExists.c
Linking C executable cmTC_35589
/usr/bin/cmake -E cmake_link_script CMakeFiles/cmTC_35589.dir/link.txt --verbose=1
/usr/bin/cc  -DCHECK_FUNCTION_EXISTS=pthread_create CMakeFiles/cmTC_35589.dir/CheckFunctionExists.c.o -o cmTC_35589  -lpthreads 
/usr/bin/ld: não foi possível localizar -lpthreads
collect2: error: ld returned 1 exit status
gmake[1]: *** [CMakeFiles/cmTC_35589.dir/build.make:106: cmTC_35589] Erro 1
gmake[1]: Saindo do diretório '/home/lbarosi/BAROSI/HOME/6000_PYTHONIA/2_Doing/GNURadioBlocks/gr-fits_sink/build/CMakeFiles/CMakeTmp'
gmake: *** [Makefile:140: cmTC_35589/fast] Erro 2



